0 info it worked if it ends with ok
1 verbose cli [ '/usr/local/bin/node', '/usr/local/bin/npm', 'start' ]
2 info using npm@3.10.10
3 info using node@v6.11.2
4 verbose run-script [ 'prestart', 'start', 'poststart' ]
5 info lifecycle cash-ui@0.0.1~prestart: cash-ui@0.0.1
6 silly lifecycle cash-ui@0.0.1~prestart: no script for prestart, continuing
7 info lifecycle cash-ui@0.0.1~start: cash-ui@0.0.1
8 verbose lifecycle cash-ui@0.0.1~start: unsafe-perm in lifecycle true
9 verbose lifecycle cash-ui@0.0.1~start: PATH: /usr/local/lib/node_modules/npm/bin/node-gyp-bin:/Users/brianhenderson/Development/capping/Cash-UI/node_modules/.bin:/Library/Frameworks/Python.framework/Versions/3.6/bin:/usr/local/bin:/usr/bin:/bin:/usr/sbin:/sbin:/usr/local/git/bin:/Library/TeX/texbin:/Applications/Wireshark.app/Contents/MacOS
10 verbose lifecycle cash-ui@0.0.1~start: CWD: /Users/brianhenderson/Development/capping/Cash-UI
11 silly lifecycle cash-ui@0.0.1~start: Args: [ '-c', 'ng serve' ]
12 silly lifecycle cash-ui@0.0.1~start: Returned: code: 1  signal: null
13 info lifecycle cash-ui@0.0.1~start: Failed to exec start script
14 verbose stack Error: cash-ui@0.0.1 start: `ng serve`
14 verbose stack Exit status 1
14 verbose stack     at EventEmitter.<anonymous> (/usr/local/lib/node_modules/npm/lib/utils/lifecycle.js:255:16)
14 verbose stack     at emitTwo (events.js:106:13)
14 verbose stack     at EventEmitter.emit (events.js:191:7)
14 verbose stack     at ChildProcess.<anonymous> (/usr/local/lib/node_modules/npm/lib/utils/spawn.js:40:14)
14 verbose stack     at emitTwo (events.js:106:13)
14 verbose stack     at ChildProcess.emit (events.js:191:7)
14 verbose stack     at maybeClose (internal/child_process.js:891:16)
14 verbose stack     at Process.ChildProcess._handle.onexit (internal/child_process.js:226:5)
15 verbose pkgid cash-ui@0.0.1
16 verbose cwd /Users/brianhenderson/Development/capping/Cash-UI
17 error Darwin 14.5.0
18 error argv "/usr/local/bin/node" "/usr/local/bin/npm" "start"
19 error node v6.11.2
20 error npm  v3.10.10
21 error code ELIFECYCLE
22 error cash-ui@0.0.1 start: `ng serve`
22 error Exit status 1
23 error Failed at the cash-ui@0.0.1 start script 'ng serve'.
23 error Make sure you have the latest version of node.js and npm installed.
23 error If you do, this is most likely a problem with the cash-ui package,
23 error not with npm itself.
23 error Tell the author that this fails on your system:
23 error     ng serve
23 error You can get information on how to open an issue for this project with:
23 error     npm bugs cash-ui
23 error Or if that isn't available, you can get their info via:
23 error     npm owner ls cash-ui
23 error There is likely additional logging output above.
24 verbose exit [ 1, true ]
